This is pdfTeX, Version 3.141592653-2.6-1.40.23 (TeX Live 2021/W32TeX) (preloaded format=pdflatex 2021.8.18)  5 JUL 2022 13:37
entering extended mode
 restricted \write18 enabled.
 %&-line parsing enabled.
**phys1320_partB.tex
(./phys1320_partB.tex
LaTeX2e <2021-06-01> patch level 1
L3 programming layer <2021-07-12>)
! Emergency stop.
<*> phys1320_partB.tex
                      
*** (job aborted, no legal \end found)

 
Here is how much of TeX's memory you used:
 16 strings out of 478542
 418 string characters out of 5854396
 291672 words of memory out of 5000000
 18055 multiletter control sequences out of 15000+600000
 403430 words of font info for 27 fonts, out of 8000000 for 9000
 1141 hyphenation exceptions out of 8191
 13i,0n,12p,50b,10s stack positions out of 5000i,500n,10000p,200000b,80000s
!  ==> Fatal error occurred, no output PDF file produced!
